<?xml version="1.0" encoding="UTF-8"?>
<testsuite name="com.arcadehub.common.PlayerTest" tests="3" skipped="0" failures="0" errors="0" timestamp="2025-10-02T13:18:53.138Z" hostname="n3ons-MacBook-Pro.local" time="0.015">
  <properties/>
  <testcase name="testPlayerSetters()" classname="com.arcadehub.common.PlayerTest" time="0.003"/>
  <testcase name="testPlayerConstructorAndGetters()" classname="com.arcadehub.common.PlayerTest" time="0.002"/>
  <testcase name="testPlayerEqualsAndHashCode()" classname="com.arcadehub.common.PlayerTest" time="0.002"/>
  <system-out><![CDATA[]]></system-out>
  <system-err><![CDATA[]]></system-err>
</testsuite>
