<?xml version="1.0" encoding="UTF-8"?>
<testsuite name="com.arcadehub.common.GameTypeTest" tests="1" skipped="0" failures="0" errors="0" timestamp="2025-10-02T13:18:52.958Z" hostname="n3ons-MacBook-Pro.local" time="0.082">
  <properties/>
  <testcase name="testGameTypeEnumValues()" classname="com.arcadehub.common.GameTypeTest" time="0.082"/>
  <system-out><![CDATA[]]></system-out>
  <system-err><![CDATA[]]></system-err>
</testsuite>
